{
  "RSpec": {
    "coverage": {
      "/home/muneebdahab/tic-tac-toe-rb-online-web-sp-000/lib/tic_tac_toe.rb": [
        1,
        null,
        null,
        1,
        22,
        22,
        22,
        22,
        22,
        null,
        null,
        null,
        1,
        23,
        null,
        null,
        1,
        14,
        null,
        null,
        1,
        323,
        257,
        null,
        66,
        null,
        null,
        null,
        1,
        23,
        12,
        null,
        null,
        null,
        1,
        13,
        13,
        117,
        18,
        null,
        null,
        13,
        null,
        1,
        12,
        null,
        null,
        null,
        1,
        0,
        0,
        0,
        0,
        null,
        null,
        null,
        1,
        12,
        7,
        null,
        12,
        12,
        12,
        0,
        0,
        null,
        null,
        null,
        1,
        20,
        20,
        20,
        20,
        11,
        11,
        null,
        20,
        null,
        null,
        null,
        null,
        1,
        null,
        null,
        null,
        null,
        null,
        null,
        null,
        null,
        null,
        1,
        112,
        896,
        896,
        896,
        896,
        896,
        896,
        896,
        null,
        null,
        null,
        1,
        27,
        null,
        null,
        1,
        15,
        1,
        14,
        1,
        13,
        13,
        null,
        null,
        null,
        1,
        11,
        11,
        null,
        null,
        null,
        1,
        14,
        14,
        null,
        null
      ]
    },
    "timestamp": 1614547535
  }
}
